{"C:\\Users\\а733\\OneDrive\\Рабочий стол\\домашки\\Symbols-iterators-generators\\src\\index.js": {"path":"C:\\Users\\а733\\OneDrive\\Рабочий стол\\домашки\\Symbols-iterators-generators\\src\\index.js","statementMap":{"0":{"start":{"line":4,"column":8},"end":{"line":4,"column":25}},"1":{"start":{"line":5,"column":8},"end":{"line":5,"column":29}},"2":{"start":{"line":6,"column":8},"end":{"line":6,"column":27}},"3":{"start":{"line":7,"column":8},"end":{"line":7,"column":29}},"4":{"start":{"line":8,"column":8},"end":{"line":8,"column":31}},"5":{"start":{"line":14,"column":8},"end":{"line":20,"column":9}},"6":{"start":{"line":15,"column":12},"end":{"line":17,"column":13}},"7":{"start":{"line":16,"column":16},"end":{"line":16,"column":36}},"8":{"start":{"line":19,"column":12},"end":{"line":19,"column":32}},"9":{"start":{"line":26,"column":4},"end":{"line":28,"column":4}},"10":{"start":{"line":27,"column":5},"end":{"line":27,"column":18}},"11":{"start":{"line":29,"column":3},"end":{"line":29,"column":53}}},"fnMap":{"0":{"name":"(anonymous_0)","decl":{"start":{"line":3,"column":4},"end":{"line":3,"column":5}},"loc":{"start":{"line":3,"column":54},"end":{"line":9,"column":5}},"line":3},"1":{"name":"(anonymous_1)","decl":{"start":{"line":13,"column":4},"end":{"line":13,"column":5}},"loc":{"start":{"line":13,"column":20},"end":{"line":21,"column":5}},"line":13},"2":{"name":"canIterate","decl":{"start":{"line":25,"column":16},"end":{"line":25,"column":26}},"loc":{"start":{"line":25,"column":32},"end":{"line":30,"column":2}},"line":25}},"branchMap":{"0":{"loc":{"start":{"line":26,"column":4},"end":{"line":28,"column":4}},"type":"if","locations":[{"start":{"line":26,"column":4},"end":{"line":28,"column":4}},{"start":{},"end":{}}],"line":26}},"s":{"0":3,"1":3,"2":3,"3":3,"4":3,"5":1,"6":1,"7":3,"8":0,"9":5,"10":1,"11":4},"f":{"0":3,"1":1,"2":5},"b":{"0":[1,4]},"_coverageSchema":"1a1c01bbd47fc00a2c39e90264f33305004495a9","hash":"693da2932fa76025cbc6df2640f630e914e08b91"}
}
